生成启动时间为 2021/10/29 星期五 8:13:23。
     1>项目“C:\Users\Administrator\Desktop\test_10_29\test_10_29\test_10_29.vcxproj”在节点 2 上(build 个目标)。
     1>PrepareForBuild:
         正在创建目录“C:\Users\Administrator\Desktop\test_10_29\Debug\”。
       InitializeBuildStatus:
         正在创建“Debug\test_10_29.unsuccessfulbuild”，因为已指定“AlwaysCreate”。
       ClCompile:
         C:\Program Files (x86)\Microsoft Visual Studio 10.0\VC\bin\CL.exe /c /ZI /nologo /W3 /WX- /Od /Oy- /D _MBCS /Gm /EHsc /RTC1 /MDd /GS /fp:precise /Zc:wchar_t /Zc:forScope /Fo"Debug\\" /Fd"Debug\vc100.pdb" /Gd /TC /analyze- /errorReport:prompt test.c
         test.c
     1>c:\users\administrator\desktop\test_10_29\test_10_29\test.c(7): warning C4996: 'scanf': This function or variable may be unsafe. Consider using scanf_s instead. To disable deprecation, use _CRT_SECURE_NO_WARNINGS. See online help for details.
                 c:\program files (x86)\microsoft visual studio 10.0\vc\include\stdio.h(304) : 参见“scanf”的声明
     1>c:\users\administrator\desktop\test_10_29\test_10_29\test.c(10): error C2181: 没有匹配 if 的非法 else
     1>c:\users\administrator\desktop\test_10_29\test_10_29\test.c(18): error C2146: 语法错误: 缺少“;”(在标识符“b”的前面)
     1>已完成生成项目“C:\Users\Administrator\Desktop\test_10_29\test_10_29\test_10_29.vcxproj”(build 个目标)的操作 - 失败。

生成失败。

已用时间 00:00:01.55
